执行日期：2015-06-01-16：33：23
【接收到的notify通知】:
<xml><appid><![CDATA[wx6e20ff10bae65ce5]]></appid>
<bank_type><![CDATA[CFT]]></bank_type>
<cash_fee><![CDATA[1]]></cash_fee>
<fee_type><![CDATA[CNY]]></fee_type>
<is_subscribe><![CDATA[Y]]></is_subscribe>
<mch_id><![CDATA[1244113302]]></mch_id>
<nonce_str><![CDATA[odgo6mugg5vzmwki803gnopbah3bmoqd]]></nonce_str>
<openid><![CDATA[o6O7Hs65g-LEvDKBhzmifIhNH218]]></openid>
<out_trade_no><![CDATA[wx6e20ff10bae65ce51433147595]]></out_trade_no>
<result_code><![CDATA[SUCCESS]]></result_code>
<return_code><![CDATA[SUCCESS]]></return_code>
<sign><![CDATA[B26883976516A5238BF2133DCD8CDDCD]]></sign>
<time_end><![CDATA[20150601163322]]></time_end>
<total_fee>1</total_fee>
<trade_type><![CDATA[JSAPI]]></trade_type>
<transaction_id><![CDATA[1003750859201506010194698616]]></transaction_id>
</xml>


执行日期：2015-06-01-16：33：23
【支付成功】:
<xml><appid><![CDATA[wx6e20ff10bae65ce5]]></appid>
<bank_type><![CDATA[CFT]]></bank_type>
<cash_fee><![CDATA[1]]></cash_fee>
<fee_type><![CDATA[CNY]]></fee_type>
<is_subscribe><![CDATA[Y]]></is_subscribe>
<mch_id><![CDATA[1244113302]]></mch_id>
<nonce_str><![CDATA[odgo6mugg5vzmwki803gnopbah3bmoqd]]></nonce_str>
<openid><![CDATA[o6O7Hs65g-LEvDKBhzmifIhNH218]]></openid>
<out_trade_no><![CDATA[wx6e20ff10bae65ce51433147595]]></out_trade_no>
<result_code><![CDATA[SUCCESS]]></result_code>
<return_code><![CDATA[SUCCESS]]></return_code>
<sign><![CDATA[B26883976516A5238BF2133DCD8CDDCD]]></sign>
<time_end><![CDATA[20150601163322]]></time_end>
<total_fee>1</total_fee>
<trade_type><![CDATA[JSAPI]]></trade_type>
<transaction_id><![CDATA[1003750859201506010194698616]]></transaction_id>
</xml>


执行日期：2015-06-02-10：04：39
【接收到的notify通知】:
<xml><appid><![CDATA[wx6e20ff10bae65ce5]]></appid>
<bank_type><![CDATA[CFT]]></bank_type>
<cash_fee><![CDATA[1]]></cash_fee>
<fee_type><![CDATA[CNY]]></fee_type>
<is_subscribe><![CDATA[Y]]></is_subscribe>
<mch_id><![CDATA[1244113302]]></mch_id>
<nonce_str><![CDATA[cjx74x2raq9f35drkw1qa7x6x7xjutvs]]></nonce_str>
<openid><![CDATA[o6O7Hs65g-LEvDKBhzmifIhNH218]]></openid>
<out_trade_no><![CDATA[9593]]></out_trade_no>
<result_code><![CDATA[SUCCESS]]></result_code>
<return_code><![CDATA[SUCCESS]]></return_code>
<sign><![CDATA[20BE48D1E0AECF3A667CD2285E9AE334]]></sign>
<time_end><![CDATA[20150602100438]]></time_end>
<total_fee>1</total_fee>
<trade_type><![CDATA[JSAPI]]></trade_type>
<transaction_id><![CDATA[1003750859201506020196927937]]></transaction_id>
</xml>


执行日期：2015-06-02-10：04：39
【支付成功】:
<xml><appid><![CDATA[wx6e20ff10bae65ce5]]></appid>
<bank_type><![CDATA[CFT]]></bank_type>
<cash_fee><![CDATA[1]]></cash_fee>
<fee_type><![CDATA[CNY]]></fee_type>
<is_subscribe><![CDATA[Y]]></is_subscribe>
<mch_id><![CDATA[1244113302]]></mch_id>
<nonce_str><![CDATA[cjx74x2raq9f35drkw1qa7x6x7xjutvs]]></nonce_str>
<openid><![CDATA[o6O7Hs65g-LEvDKBhzmifIhNH218]]></openid>
<out_trade_no><![CDATA[9593]]></out_trade_no>
<result_code><![CDATA[SUCCESS]]></result_code>
<return_code><![CDATA[SUCCESS]]></return_code>
<sign><![CDATA[20BE48D1E0AECF3A667CD2285E9AE334]]></sign>
<time_end><![CDATA[20150602100438]]></time_end>
<total_fee>1</total_fee>
<trade_type><![CDATA[JSAPI]]></trade_type>
<transaction_id><![CDATA[1003750859201506020196927937]]></transaction_id>
</xml>


执行日期：2015-06-02-10：17：00
【接收到的notify通知】:
<xml><appid><![CDATA[wx6e20ff10bae65ce5]]></appid>
<bank_type><![CDATA[CFT]]></bank_type>
<cash_fee><![CDATA[1]]></cash_fee>
<fee_type><![CDATA[CNY]]></fee_type>
<is_subscribe><![CDATA[Y]]></is_subscribe>
<mch_id><![CDATA[1244113302]]></mch_id>
<nonce_str><![CDATA[jgs5fwfe5a5tasjhpr0b4tbuipss0ayk]]></nonce_str>
<openid><![CDATA[o6O7Hs65g-LEvDKBhzmifIhNH218]]></openid>
<out_trade_no><![CDATA[9595]]></out_trade_no>
<result_code><![CDATA[SUCCESS]]></result_code>
<return_code><![CDATA[SUCCESS]]></return_code>
<sign><![CDATA[1079BB875353FA11EAF94F9716953005]]></sign>
<time_end><![CDATA[20150602101302]]></time_end>
<total_fee>1</total_fee>
<trade_type><![CDATA[JSAPI]]></trade_type>
<transaction_id><![CDATA[1003750859201506020196965893]]></transaction_id>
</xml>


执行日期：2015-06-02-10：17：00
【支付成功】:
<xml><appid><![CDATA[wx6e20ff10bae65ce5]]></appid>
<bank_type><![CDATA[CFT]]></bank_type>
<cash_fee><![CDATA[1]]></cash_fee>
<fee_type><![CDATA[CNY]]></fee_type>
<is_subscribe><![CDATA[Y]]></is_subscribe>
<mch_id><![CDATA[1244113302]]></mch_id>
<nonce_str><![CDATA[jgs5fwfe5a5tasjhpr0b4tbuipss0ayk]]></nonce_str>
<openid><![CDATA[o6O7Hs65g-LEvDKBhzmifIhNH218]]></openid>
<out_trade_no><![CDATA[9595]]></out_trade_no>
<result_code><![CDATA[SUCCESS]]></result_code>
<return_code><![CDATA[SUCCESS]]></return_code>
<sign><![CDATA[1079BB875353FA11EAF94F9716953005]]></sign>
<time_end><![CDATA[20150602101302]]></time_end>
<total_fee>1</total_fee>
<trade_type><![CDATA[JSAPI]]></trade_type>
<transaction_id><![CDATA[1003750859201506020196965893]]></transaction_id>
</xml>


执行日期：2015-06-02-10：17：23
【接收到的notify通知】:
<xml><appid><![CDATA[wx6e20ff10bae65ce5]]></appid>
<bank_type><![CDATA[CFT]]></bank_type>
<cash_fee><![CDATA[1]]></cash_fee>
<fee_type><![CDATA[CNY]]></fee_type>
<is_subscribe><![CDATA[Y]]></is_subscribe>
<mch_id><![CDATA[1244113302]]></mch_id>
<nonce_str><![CDATA[fbxnezhy516nyozbqwgvwvcfuw2mj6xv]]></nonce_str>
<openid><![CDATA[o6O7Hs65g-LEvDKBhzmifIhNH218]]></openid>
<out_trade_no><![CDATA[9596]]></out_trade_no>
<result_code><![CDATA[SUCCESS]]></result_code>
<return_code><![CDATA[SUCCESS]]></return_code>
<sign><![CDATA[251DDA0EE174E41C28CDFB4538EE93AD]]></sign>
<time_end><![CDATA[20150602101721]]></time_end>
<total_fee>1</total_fee>
<trade_type><![CDATA[JSAPI]]></trade_type>
<transaction_id><![CDATA[1003750859201506020196969598]]></transaction_id>
</xml>


执行日期：2015-06-02-10：17：23
【支付成功】:
<xml><appid><![CDATA[wx6e20ff10bae65ce5]]></appid>
<bank_type><![CDATA[CFT]]></bank_type>
<cash_fee><![CDATA[1]]></cash_fee>
<fee_type><![CDATA[CNY]]></fee_type>
<is_subscribe><![CDATA[Y]]></is_subscribe>
<mch_id><![CDATA[1244113302]]></mch_id>
<nonce_str><![CDATA[fbxnezhy516nyozbqwgvwvcfuw2mj6xv]]></nonce_str>
<openid><![CDATA[o6O7Hs65g-LEvDKBhzmifIhNH218]]></openid>
<out_trade_no><![CDATA[9596]]></out_trade_no>
<result_code><![CDATA[SUCCESS]]></result_code>
<return_code><![CDATA[SUCCESS]]></return_code>
<sign><![CDATA[251DDA0EE174E41C28CDFB4538EE93AD]]></sign>
<time_end><![CDATA[20150602101721]]></time_end>
<total_fee>1</total_fee>
<trade_type><![CDATA[JSAPI]]></trade_type>
<transaction_id><![CDATA[1003750859201506020196969598]]></transaction_id>
</xml>


执行日期：2015-06-02-10：17：23
【接收到的notify通知】:
<xml><appid><![CDATA[wx6e20ff10bae65ce5]]></appid>
<bank_type><![CDATA[CFT]]></bank_type>
<cash_fee><![CDATA[1]]></cash_fee>
<fee_type><![CDATA[CNY]]></fee_type>
<is_subscribe><![CDATA[Y]]></is_subscribe>
<mch_id><![CDATA[1244113302]]></mch_id>
<nonce_str><![CDATA[fbxnezhy516nyozbqwgvwvcfuw2mj6xv]]></nonce_str>
<openid><![CDATA[o6O7Hs65g-LEvDKBhzmifIhNH218]]></openid>
<out_trade_no><![CDATA[9596]]></out_trade_no>
<result_code><![CDATA[SUCCESS]]></result_code>
<return_code><![CDATA[SUCCESS]]></return_code>
<sign><![CDATA[251DDA0EE174E41C28CDFB4538EE93AD]]></sign>
<time_end><![CDATA[20150602101721]]></time_end>
<total_fee>1</total_fee>
<trade_type><![CDATA[JSAPI]]></trade_type>
<transaction_id><![CDATA[1003750859201506020196969598]]></transaction_id>
</xml>


执行日期：2015-06-02-10：17：23
【支付成功】:
<xml><appid><![CDATA[wx6e20ff10bae65ce5]]></appid>
<bank_type><![CDATA[CFT]]></bank_type>
<cash_fee><![CDATA[1]]></cash_fee>
<fee_type><![CDATA[CNY]]></fee_type>
<is_subscribe><![CDATA[Y]]></is_subscribe>
<mch_id><![CDATA[1244113302]]></mch_id>
<nonce_str><![CDATA[fbxnezhy516nyozbqwgvwvcfuw2mj6xv]]></nonce_str>
<openid><![CDATA[o6O7Hs65g-LEvDKBhzmifIhNH218]]></openid>
<out_trade_no><![CDATA[9596]]></out_trade_no>
<result_code><![CDATA[SUCCESS]]></result_code>
<return_code><![CDATA[SUCCESS]]></return_code>
<sign><![CDATA[251DDA0EE174E41C28CDFB4538EE93AD]]></sign>
<time_end><![CDATA[20150602101721]]></time_end>
<total_fee>1</total_fee>
<trade_type><![CDATA[JSAPI]]></trade_type>
<transaction_id><![CDATA[1003750859201506020196969598]]></transaction_id>
</xml>


执行日期：2015-06-02-10：24：52
【接收到的notify通知】:
<xml><appid><![CDATA[wx6e20ff10bae65ce5]]></appid>
<bank_type><![CDATA[CFT]]></bank_type>
<cash_fee><![CDATA[1]]></cash_fee>
<fee_type><![CDATA[CNY]]></fee_type>
<is_subscribe><![CDATA[Y]]></is_subscribe>
<mch_id><![CDATA[1244113302]]></mch_id>
<nonce_str><![CDATA[ndemt1cgndana1kv8gv3v82qcygmulcp]]></nonce_str>
<openid><![CDATA[o6O7Hs65g-LEvDKBhzmifIhNH218]]></openid>
<out_trade_no><![CDATA[9597]]></out_trade_no>
<result_code><![CDATA[SUCCESS]]></result_code>
<return_code><![CDATA[SUCCESS]]></return_code>
<sign><![CDATA[F008C39F16742C5737AD6E3E8488FA1A]]></sign>
<time_end><![CDATA[20150602102452]]></time_end>
<total_fee>1</total_fee>
<trade_type><![CDATA[JSAPI]]></trade_type>
<transaction_id><![CDATA[1003750859201506020197006901]]></transaction_id>
</xml>


执行日期：2015-06-02-10：24：52
【支付成功】:
<xml><appid><![CDATA[wx6e20ff10bae65ce5]]></appid>
<bank_type><![CDATA[CFT]]></bank_type>
<cash_fee><![CDATA[1]]></cash_fee>
<fee_type><![CDATA[CNY]]></fee_type>
<is_subscribe><![CDATA[Y]]></is_subscribe>
<mch_id><![CDATA[1244113302]]></mch_id>
<nonce_str><![CDATA[ndemt1cgndana1kv8gv3v82qcygmulcp]]></nonce_str>
<openid><![CDATA[o6O7Hs65g-LEvDKBhzmifIhNH218]]></openid>
<out_trade_no><![CDATA[9597]]></out_trade_no>
<result_code><![CDATA[SUCCESS]]></result_code>
<return_code><![CDATA[SUCCESS]]></return_code>
<sign><![CDATA[F008C39F16742C5737AD6E3E8488FA1A]]></sign>
<time_end><![CDATA[20150602102452]]></time_end>
<total_fee>1</total_fee>
<trade_type><![CDATA[JSAPI]]></trade_type>
<transaction_id><![CDATA[1003750859201506020197006901]]></transaction_id>
</xml>


执行日期：2015-06-02-10：33：28
【接收到的notify通知】:
<xml><appid><![CDATA[wx6e20ff10bae65ce5]]></appid>
<bank_type><![CDATA[CMB_DEBIT]]></bank_type>
<cash_fee><![CDATA[1]]></cash_fee>
<fee_type><![CDATA[CNY]]></fee_type>
<is_subscribe><![CDATA[Y]]></is_subscribe>
<mch_id><![CDATA[1244113302]]></mch_id>
<nonce_str><![CDATA[0gsttjag330vs5w7xxbqflp1melwa6ae]]></nonce_str>
<openid><![CDATA[o6O7Hs0rQE_-pdHXBqC9h8id5bZk]]></openid>
<out_trade_no><![CDATA[9599]]></out_trade_no>
<result_code><![CDATA[SUCCESS]]></result_code>
<return_code><![CDATA[SUCCESS]]></return_code>
<sign><![CDATA[38A4117148148AA836C192A5352164E2]]></sign>
<time_end><![CDATA[20150602103327]]></time_end>
<total_fee>1</total_fee>
<trade_type><![CDATA[JSAPI]]></trade_type>
<transaction_id><![CDATA[1003280859201506020197030771]]></transaction_id>
</xml>


执行日期：2015-06-02-10：33：28
【支付成功】:
<xml><appid><![CDATA[wx6e20ff10bae65ce5]]></appid>
<bank_type><![CDATA[CMB_DEBIT]]></bank_type>
<cash_fee><![CDATA[1]]></cash_fee>
<fee_type><![CDATA[CNY]]></fee_type>
<is_subscribe><![CDATA[Y]]></is_subscribe>
<mch_id><![CDATA[1244113302]]></mch_id>
<nonce_str><![CDATA[0gsttjag330vs5w7xxbqflp1melwa6ae]]></nonce_str>
<openid><![CDATA[o6O7Hs0rQE_-pdHXBqC9h8id5bZk]]></openid>
<out_trade_no><![CDATA[9599]]></out_trade_no>
<result_code><![CDATA[SUCCESS]]></result_code>
<return_code><![CDATA[SUCCESS]]></return_code>
<sign><![CDATA[38A4117148148AA836C192A5352164E2]]></sign>
<time_end><![CDATA[20150602103327]]></time_end>
<total_fee>1</total_fee>
<trade_type><![CDATA[JSAPI]]></trade_type>
<transaction_id><![CDATA[1003280859201506020197030771]]></transaction_id>
</xml>


